<?xml version="1.0" encoding="UTF-8"?>
<!-- Generated by org.testng.reporters.JUnitReportReporter -->
<testsuite hostname="CNHARAM5220596" name="com.qa.tests.GetAPITest" tests="1" failures="0" timestamp="28 Apr 2020 06:54:45 GMT" time="1.310" errors="0">
  <testcase name="getTest" time="1.310" classname="com.qa.tests.GetAPITest"/>
</testsuite> <!-- com.qa.tests.GetAPITest -->
